  stdafx.cpp
  solution.cpp
e:\programmier\olymp\codef\vkcup\wildcard2\vs_project\solution\solution\solution.cpp(61): warning C4244: =: преобразование "double" в "int", возможна потеря данных
e:\programmier\olymp\codef\vkcup\wildcard2\vs_project\solution\solution\solution.cpp(71): warning C4244: =: преобразование "__int64" в "int", возможна потеря данных
e:\programmier\olymp\codef\vkcup\wildcard2\vs_project\solution\solution\solution.cpp(87): warning C4244: аргумент: преобразование "__int64" в "int", возможна потеря данных
e:\programmier\olymp\codef\vkcup\wildcard2\vs_project\solution\solution\solution.cpp(99): error C2679: бинарный ">>": не найден оператор, принимающий правый операнд типа "std::string" (или приемлемое преобразование отсутствует)
  c:\program files (x86)\microsoft visual studio 14.0\vc\include\istream(484): note: может быть "std::basic_istream<char,std::char_traits<char>> &std::basic_istream<char,std::char_traits<char>>::operator >>(std::basic_streambuf<char,std::char_traits<char>> *)"
  c:\program files (x86)\microsoft visual studio 14.0\vc\include\istream(465): note: или       "std::basic_istream<char,std::char_traits<char>> &std::basic_istream<char,std::char_traits<char>>::operator >>(void *&)"
  c:\program files (x86)\microsoft visual studio 14.0\vc\include\istream(447): note: или       "std::basic_istream<char,std::char_traits<char>> &std::basic_istream<char,std::char_traits<char>>::operator >>(long double &)"
  c:\program files (x86)\microsoft visual studio 14.0\vc\include\istream(429): note: или       "std::basic_istream<char,std::char_traits<char>> &std::basic_istream<char,std::char_traits<char>>::operator >>(double &)"
  c:\program files (x86)\microsoft visual studio 14.0\vc\include\istream(410): note: или       "std::basic_istream<char,std::char_traits<char>> &std::basic_istream<char,std::char_traits<char>>::operator >>(float &)"
  c:\program files (x86)\microsoft visual studio 14.0\vc\include\istream(391): note: или       "std::basic_istream<char,std::char_traits<char>> &std::basic_istream<char,std::char_traits<char>>::operator >>(unsigned __int64 &)"
  c:\program files (x86)\microsoft visual studio 14.0\vc\include\istream(372): note: или       "std::basic_istream<char,std::char_traits<char>> &std::basic_istream<char,std::char_traits<char>>::operator >>(__int64 &)"
  c:\program files (x86)\microsoft visual studio 14.0\vc\include\istream(352): note: или       "std::basic_istream<char,std::char_traits<char>> &std::basic_istream<char,std::char_traits<char>>::operator >>(unsigned long &)"
  c:\program files (x86)\microsoft visual studio 14.0\vc\include\istream(334): note: или       "std::basic_istream<char,std::char_traits<char>> &std::basic_istream<char,std::char_traits<char>>::operator >>(long &)"
  c:\program files (x86)\microsoft visual studio 14.0\vc\include\istream(316): note: или       "std::basic_istream<char,std::char_traits<char>> &std::basic_istream<char,std::char_traits<char>>::operator >>(unsigned int &)"
  c:\program files (x86)\microsoft visual studio 14.0\vc\include\istream(290): note: или       "std::basic_istream<char,std::char_traits<char>> &std::basic_istream<char,std::char_traits<char>>::operator >>(int &)"
  c:\program files (x86)\microsoft visual studio 14.0\vc\include\istream(271): note: или       "std::basic_istream<char,std::char_traits<char>> &std::basic_istream<char,std::char_traits<char>>::operator >>(unsigned short &)"
  c:\program files (x86)\microsoft visual studio 14.0\vc\include\istream(236): note: или       "std::basic_istream<char,std::char_traits<char>> &std::basic_istream<char,std::char_traits<char>>::operator >>(short &)"
  c:\program files (x86)\microsoft visual studio 14.0\vc\include\istream(217): note: или       "std::basic_istream<char,std::char_traits<char>> &std::basic_istream<char,std::char_traits<char>>::operator >>(bool &)"
  c:\program files (x86)\microsoft visual studio 14.0\vc\include\istream(210): note: или       "std::basic_istream<char,std::char_traits<char>> &std::basic_istream<char,std::char_traits<char>>::operator >>(std::ios_base &(__cdecl *)(std::ios_base &))"
  c:\program files (x86)\microsoft visual studio 14.0\vc\include\istream(203): note: или       "std::basic_istream<char,std::char_traits<char>> &std::basic_istream<char,std::char_traits<char>>::operator >>(std::basic_ios<char,std::char_traits<char>> &(__cdecl *)(std::basic_ios<char,std::char_traits<char>> &))"
  c:\program files (x86)\microsoft visual studio 14.0\vc\include\istream(197): note: или       "std::basic_istream<char,std::char_traits<char>> &std::basic_istream<char,std::char_traits<char>>::operator >>(std::basic_istream<char,std::char_traits<char>> &(__cdecl *)(std::basic_istream<char,std::char_traits<char>> &))"
  c:\program files (x86)\microsoft visual studio 14.0\vc\include\istream(1106): note: или       "std::basic_istream<char,std::char_traits<char>> &std::operator >><char,std::char_traits<char>,std::string>(std::basic_istream<char,std::char_traits<char>> &&,_Ty &)"
          with
          [
              _Ty=std::string
          ]
  c:\program files (x86)\microsoft visual studio 14.0\vc\include\istream(1096): note: или       "std::basic_istream<char,std::char_traits<char>> &std::operator >><std::char_traits<char>>(std::basic_istream<char,std::char_traits<char>> &,unsigned char &)"
  c:\program files (x86)\microsoft visual studio 14.0\vc\include\istream(1089): note: или       "std::basic_istream<char,std::char_traits<char>> &std::operator >><std::char_traits<char>>(std::basic_istream<char,std::char_traits<char>> &,unsigned char *)"
  c:\program files (x86)\microsoft visual studio 14.0\vc\include\istream(1082): note: или       "std::basic_istream<char,std::char_traits<char>> &std::operator >><std::char_traits<char>>(std::basic_istream<char,std::char_traits<char>> &,signed char &)"
  c:\program files (x86)\microsoft visual studio 14.0\vc\include\istream(1075): note: или       "std::basic_istream<char,std::char_traits<char>> &std::operator >><std::char_traits<char>>(std::basic_istream<char,std::char_traits<char>> &,signed char *)"
  e:\programmier\olymp\codef\vkcup\wildcard2\vs_project\solution\solution\solution.cpp(99): note: при попытке сопоставить список аргументов "(std::istream, std::string)"
